c:\users\dvonj\source\repos\libtcod practice\x64\release\main.obj
c:\users\dvonj\source\repos\libtcod practice\x64\release\engine.obj
c:\users\dvonj\source\repos\libtcod practice\x64\release\actor.obj
c:\users\dvonj\source\repos\libtcod practice\x64\release\map.obj
c:\users\dvonj\source\repos\libtcod practice\x64\release\ai.obj
c:\users\dvonj\source\repos\libtcod practice\x64\release\destructible.obj
c:\users\dvonj\source\repos\libtcod practice\x64\release\attacker.obj
c:\users\dvonj\source\repos\libtcod practice\x64\release\gui.obj
c:\users\dvonj\source\repos\libtcod practice\x64\release\libtcod practice.ipdb
c:\users\dvonj\source\repos\libtcod practice\x64\release\libtcod practice.iobj
c:\users\dvonj\source\repos\libtcod practice\x64\release\libtcod practice.exe
c:\users\dvonj\source\repos\libtcod practice\x64\release\libtcod practice.pdb
c:\users\dvonj\source\repos\libtcod practice\x64\release\vc142.pdb
c:\users\dvonj\source\repos\libtcod practice\x64\release\libtcod practice.tlog\cl.command.1.tlog
c:\users\dvonj\source\repos\libtcod practice\x64\release\libtcod practice.tlog\cl.write.1.tlog
c:\users\dvonj\source\repos\libtcod practice\x64\release\libtcod practice.tlog\libtcod practice.write.1u.tlog
c:\users\dvonj\source\repos\libtcod practice\x64\release\libtcod practice.tlog\link.command.1.tlog
c:\users\dvonj\source\repos\libtcod practice\x64\release\libtcod practice.tlog\link.delete.1.tlog
c:\users\dvonj\source\repos\libtcod practice\x64\release\libtcod practice.tlog\link.read.1.tlog
c:\users\dvonj\source\repos\libtcod practice\x64\release\libtcod practice.tlog\link.write.1.tlog
